<?xml version="1.0" encoding="UTF-8"?>
<testsuite xmlns:xsi="http://www.w3.org/2001/XMLSchema-instance" xsi:noNamespaceSchemaLocation="https://maven.apache.org/surefire/maven-surefire-plugin/xsd/surefire-test-report-3.0.xsd" version="3.0" name="com.example.gateway.GatewayApplicationTests" time="11.402" tests="1" errors="0" skipped="0" failures="0">
  <properties>
[...]
</properties>
  <testcase name="contextLoads" classname="com.example.gateway.GatewayApplicationTests" time="1.768">
    <system-out><![CDATA[18:08:13.092 [main] INFO org.springframework.test.context.support.AnnotationConfigContextLoaderUtils -- Could not detect default configuration classes for test class [com.example.gateway.GatewayApplicationTests]: GatewayApplicationTests does not declare any static, non-private, non-final, nested classes annotated with @Configuration.
18:08:13.303 [main] INFO org.springframework.boot.test.context.SpringBootTestContextBootstrapper -- Found @SpringBootConfiguration com.example.gateway.GatewayApplication for test class com.example.gateway.GatewayApplicationTests

  .   ____          _            __ _ _
 /\\ / ___'_ __ _ _(_)_ __  __ _ \ \ \ \
( ( )\___ | '_ | '_| | '_ \/ _` | \ \ \ \
 \\/  ___)| |_)| | | | | || (_| |  ) ) ) )
  '  |____| .__|_| |_|_| |_\__, | / / / /
 =========|_|==============|___/=/_/_/_/

 :: Spring Boot ::                (v3.3.2)

2024-08-07T18:08:14.493+08:00  INFO 12064 --- [gateway] [           main] c.e.gateway.GatewayApplicationTests      : Starting GatewayApplicationTests using Java 17.0.12 with PID 12064 (started by user in D:\spring-boot-microservice\gateway)
2024-08-07T18:08:14.501+08:00  INFO 12064 --- [gateway] [           main] c.e.gateway.GatewayApplicationTests      : No active profile set, falling back to 1 default profile: "default"
2024-08-07T18:08:16.342+08:00  INFO 12064 --- [gateway] [           main] o.s.cloud.context.scope.GenericScope     : BeanFactory id=482e041b-a752-3cd9-8bec-829743abf2e8
2024-08-07T18:08:19.923+08:00  INFO 12064 --- [gateway] [           main] o.s.c.g.r.RouteDefinitionRouteLocator    : Loaded RoutePredicateFactory [After]
2024-08-07T18:08:19.924+08:00  INFO 12064 --- [gateway] [           main] o.s.c.g.r.RouteDefinitionRouteLocator    : Loaded RoutePredicateFactory [Before]
2024-08-07T18:08:19.924+08:00  INFO 12064 --- [gateway] [           main] o.s.c.g.r.RouteDefinitionRouteLocator    : Loaded RoutePredicateFactory [Between]
2024-08-07T18:08:19.925+08:00  INFO 12064 --- [gateway] [           main] o.s.c.g.r.RouteDefinitionRouteLocator    : Loaded RoutePredicateFactory [Cookie]
2024-08-07T18:08:19.925+08:00  INFO 12064 --- [gateway] [           main] o.s.c.g.r.RouteDefinitionRouteLocator    : Loaded RoutePredicateFactory [Header]
2024-08-07T18:08:19.925+08:00  INFO 12064 --- [gateway] [           main] o.s.c.g.r.RouteDefinitionRouteLocator    : Loaded RoutePredicateFactory [Host]
2024-08-07T18:08:19.925+08:00  INFO 12064 --- [gateway] [           main] o.s.c.g.r.RouteDefinitionRouteLocator    : Loaded RoutePredicateFactory [Method]
2024-08-07T18:08:19.925+08:00  INFO 12064 --- [gateway] [           main] o.s.c.g.r.RouteDefinitionRouteLocator    : Loaded RoutePredicateFactory [Path]
2024-08-07T18:08:19.925+08:00  INFO 12064 --- [gateway] [           main] o.s.c.g.r.RouteDefinitionRouteLocator    : Loaded RoutePredicateFactory [Query]
2024-08-07T18:08:19.925+08:00  INFO 12064 --- [gateway] [           main] o.s.c.g.r.RouteDefinitionRouteLocator    : Loaded RoutePredicateFactory [ReadBody]
2024-08-07T18:08:19.926+08:00  INFO 12064 --- [gateway] [           main] o.s.c.g.r.RouteDefinitionRouteLocator    : Loaded RoutePredicateFactory [RemoteAddr]
2024-08-07T18:08:19.926+08:00  INFO 12064 --- [gateway] [           main] o.s.c.g.r.RouteDefinitionRouteLocator    : Loaded RoutePredicateFactory [XForwardedRemoteAddr]
2024-08-07T18:08:19.926+08:00  INFO 12064 --- [gateway] [           main] o.s.c.g.r.RouteDefinitionRouteLocator    : Loaded RoutePredicateFactory [Weight]
2024-08-07T18:08:19.927+08:00  INFO 12064 --- [gateway] [           main] o.s.c.g.r.RouteDefinitionRouteLocator    : Loaded RoutePredicateFactory [CloudFoundryRouteService]
2024-08-07T18:08:22.347+08:00  INFO 12064 --- [gateway] [           main] c.e.gateway.GatewayApplicationTests      : Started GatewayApplicationTests in 8.791 seconds (process running for 10.905)
]]></system-out>
  </testcase>
</testsuite>